<?xml version="1.0" encoding="UTF-8"?>
<testng-results ignored="0" total="1" passed="1" failed="0" skipped="0">
  <reporter-output>
  </reporter-output>
  <suite started-at="2022-09-02T11:07:35 IST" name="Suite" finished-at="2022-09-02T11:07:52 IST" duration-ms="16944">
    <groups>
    </groups>
    <test started-at="2022-09-02T11:07:35 IST" name="Test" finished-at="2022-09-02T11:07:52 IST" duration-ms="16944">
      <class name="com.Test.Test_tc_001">
        <test-method is-config="true" signature="BS()[pri:0, instance:com.Test.Test_tc_001@4bdeaabb]" started-at="2022-09-02T11:07:33 IST" name="BS" finished-at="2022-09-02T11:07:35 IST" duration-ms="1615" status="PASS">
          <reporter-output>
          </reporter-output>
        </test-method> <!-- BS -->
        <test-method is-config="true" signature="setUp()[pri:0, instance:com.Test.Test_tc_001@4bdeaabb]" started-at="2022-09-02T11:07:35 IST" name="setUp" finished-at="2022-09-02T11:07:45 IST" duration-ms="10737" status="PASS">
          <reporter-output>
          </reporter-output>
        </test-method> <!-- setUp -->
        <test-method signature="verify_TestLogin_validCredential()[pri:0, instance:com.Test.Test_tc_001@4bdeaabb]" started-at="2022-09-02T11:07:45 IST" name="verify_TestLogin_validCredential" finished-at="2022-09-02T11:07:46 IST" duration-ms="722" status="PASS">
          <reporter-output>
          </reporter-output>
        </test-method> <!-- verify_TestLogin_validCredential -->
        <test-method is-config="true" signature="tearrDown()[pri:0, instance:com.Test.Test_tc_001@4bdeaabb]" started-at="2022-09-02T11:07:49 IST" name="tearrDown" finished-at="2022-09-02T11:07:52 IST" duration-ms="2678" status="PASS">
          <reporter-output>
          </reporter-output>
        </test-method> <!-- tearrDown -->
      </class> <!-- com.Test.Test_tc_001 -->
    </test> <!-- Test -->
  </suite> <!-- Suite -->
</testng-results>
